

30/09/2023 01:17:24
vim/_editor.lua:341: nvim_exec2(): Vim(redraw):E15: Invalid expression: v:lua.require('nvchad.statusline.default').run()

stack traceback:
	[C]: in function 'pcall'
	.../Local/nvim-data/lazy/noice.nvim/lua/noice/util/call.lua:144: in function <.../Local/nvim-data/lazy/noice.nvim/lua/noice/util/call.lua:143>
	[C]: in function 'nvim_exec2'
	vim/_editor.lua:341: in function 'cmd'
	...l/nvim-data/lazy/nvim-notify/lua/notify/service/init.lua:63: in function 'push'
	...Local/nvim-data/lazy/nvim-notify/lua/notify/instance.lua:77: in function <...Local/nvim-data/lazy/nvim-notify/lua/notify/instance.lua:41>
	...m-data/lazy/noice.nvim/lua/noice/view/backend/notify.lua:169: in function '_notify'
	...m-data/lazy/noice.nvim/lua/noice/view/backend/notify.lua:199: in function <...m-data/lazy/noice.nvim/lua/noice/view/backend/notify.lua:176>
	[C]: in function 'xpcall'
	.../Local/nvim-data/lazy/noice.nvim/lua/noice/util/call.lua:149: in function 'try'
	.../Local/nvim-data/lazy/noice.nvim/lua/noice/view/init.lua:140: in function 'display'
	...l/nvim-data/lazy/noice.nvim/lua/noice/message/router.lua:215: in function <...l/nvim-data/lazy/noice.nvim/lua/noice/message/router.lua:155>
	[C]: in function 'xpcall'
	.../Local/nvim-data/lazy/noice.nvim/lua/noice/util/call.lua:149: in function <.../Local/nvim-data/lazy/noice.nvim/lua/noice/util/call.lua:134>
	[C]: in function 'pcall'
	.../Local/nvim-data/lazy/noice.nvim/lua/noice/util/init.lua:120: in function 'fn'
	vim/_editor.lua:477: in function 'cb'
	vim/_editor.lua:263: in function <vim/_editor.lua:262>